PGPLOT file/type: /xw
PLT> @out/fit_qdp.pco
 To produce plot, please enter
!PLT> r x -0.5 2.2
!PLT> r y -2 2
!PLT> mark 17 on 2
!PLT> mark size 2 on 2
!PLT> mo ?
 Possible components are:
  CONS  LINR  QUAD  CUBI  X4    X5    POWR  SIN   GAUS
  NGAU  EXP   AEXP  BURS  SBUR  PEAR  WIND  KING  LN  
  LORE  CGAU  NCGA  EGAU  NEGA  DEMO  SPLN  AKIM
!PLT> mo cons linr
  1 CO: VAL(  1.000    ), SIG(  0.000    ), PLO(  0.000    ), PHI(  0.000    )?
! -1
  2 LI: VAL(  1.000    ), SIG(  0.000    ), PLO(  0.000    ), PHI(  0.000    )?
! 1
!PLT> plot
!PLT> fit
 Fitting group   2,  from -0.500     to   2.20    
 Fitting      21 points in a band of      21.
  -1.00000000       1.00000000    
 ( -3)   W-VAR= 3.248    
 ( -4)   W-VAR= 3.248    
  -1.21566069       1.36072505    
!PLT> plot
!PLT> /xw
 Illegal command.   At token = /XW
 Type HELP to get command list.
!PLT> time  off
!PLT> la f
!PLT> hard  out/fit_qdp.ps/cps
!PLT> we    fit_qdp
!PLT> exit
