

*******************************************************************************
Mon Mar  2 14:37:57 2015


FIT:    data read from "../data/sample.dat" usi 1:2
        format = x:z
        #datapoints = 21
        residuals are weighted equally (unit weight)

function used for fitting: f(x)
fitted parameters initialized with current variable values



 Iteration 0
 WSSR        : 4.01501           delta(WSSR)/WSSR   : 0
 delta(WSSR) : 0                 limit for stopping : 1e-05
 lambda	  : 0.991503

initial set of free parameter values

a               = 1
b               = -1

After 3 iterations the fit converged.
final sum of squares of residuals : 3.24781
rel. change during last iteration : -1.8684e-07

degrees of freedom    (FIT_NDF)                        : 19
rms of residuals      (FIT_STDFIT) = sqrt(WSSR/ndf)    : 0.413445
variance of residuals (reduced chisquare) = WSSR/ndf   : 0.170937

Final set of parameters            Asymptotic Standard Error
=======================            ==========================

a               = 1.36073          +/- 0.199        (14.63%)
b               = -1.21566         +/- 0.1956       (16.09%)


correlation matrix of the fit parameters:

               a      b      
a               1.000 
b              -0.887  1.000 
