

*******************************************************************************
Mon Mar  2 14:37:58 2015


FIT:    data read from "../data/sample_werr.dat" usi 1:2:3
        format = x:z:s
        #datapoints = 21
function used for fitting: f(x)
fitted parameters initialized with current variable values



 Iteration 0
 WSSR        : 25.0938           delta(WSSR)/WSSR   : 0
 delta(WSSR) : 0                 limit for stopping : 1e-05
 lambda	  : 2.47876

initial set of free parameter values

a               = 1
b               = -1

After 3 iterations the fit converged.
final sum of squares of residuals : 20.2988
rel. change during last iteration : -1.8684e-07

degrees of freedom    (FIT_NDF)                        : 19
rms of residuals      (FIT_STDFIT) = sqrt(WSSR/ndf)    : 1.03361
variance of residuals (reduced chisquare) = WSSR/ndf   : 1.06836

Final set of parameters            Asymptotic Standard Error
=======================            ==========================

a               = 1.36073          +/- 0.199        (14.63%)
b               = -1.21566         +/- 0.1956       (16.09%)


correlation matrix of the fit parameters:

               a      b      
a               1.000 
b              -0.887  1.000 
